{"/Users/rajczakowski/Documents/twinkl-react-tech-test-main/src/PostsPage/PostsPage.test.tsx": {"path":"/Users/rajczakowski/Documents/twinkl-react-tech-test-main/src/PostsPage/PostsPage.test.tsx","all":false,"statementMap":{"0":{"start":{"line":1,"column":0},"end":{"line":1,"column":76}},"2":{"start":{"line":3,"column":0},"end":{"line":3,"column":34}},"12":{"start":{"line":13,"column":0},"end":{"line":13,"column":38}},"14":{"start":{"line":15,"column":0},"end":{"line":15,"column":66}},"15":{"start":{"line":16,"column":0},"end":{"line":16,"column":76}},"18":{"start":{"line":19,"column":0},"end":{"line":19,"column":29}},"19":{"start":{"line":20,"column":0},"end":{"line":20,"column":20}},"20":{"start":{"line":21,"column":0},"end":{"line":21,"column":23}},"21":{"start":{"line":22,"column":0},"end":{"line":22,"column":67}},"22":{"start":{"line":23,"column":0},"end":{"line":23,"column":5}},"24":{"start":{"line":25,"column":0},"end":{"line":25,"column":53}},"25":{"start":{"line":26,"column":0},"end":{"line":26,"column":63}},"26":{"start":{"line":27,"column":0},"end":{"line":27,"column":39}},"27":{"start":{"line":28,"column":0},"end":{"line":28,"column":69}},"28":{"start":{"line":29,"column":0},"end":{"line":29,"column":5}},"30":{"start":{"line":31,"column":0},"end":{"line":31,"column":41}},"31":{"start":{"line":32,"column":0},"end":{"line":32,"column":59}},"32":{"start":{"line":33,"column":0},"end":{"line":33,"column":39}},"33":{"start":{"line":34,"column":0},"end":{"line":34,"column":80}},"34":{"start":{"line":35,"column":0},"end":{"line":35,"column":5}},"36":{"start":{"line":37,"column":0},"end":{"line":37,"column":35}},"37":{"start":{"line":38,"column":0},"end":{"line":38,"column":19}},"38":{"start":{"line":39,"column":0},"end":{"line":39,"column":49}},"39":{"start":{"line":40,"column":0},"end":{"line":40,"column":49}},"40":{"start":{"line":41,"column":0},"end":{"line":41,"column":6}},"41":{"start":{"line":42,"column":0},"end":{"line":42,"column":59}},"42":{"start":{"line":43,"column":0},"end":{"line":43,"column":39}},"43":{"start":{"line":44,"column":0},"end":{"line":44,"column":59}},"44":{"start":{"line":45,"column":0},"end":{"line":45,"column":59}},"45":{"start":{"line":46,"column":0},"end":{"line":46,"column":5}},"47":{"start":{"line":48,"column":0},"end":{"line":48,"column":57}},"48":{"start":{"line":49,"column":0},"end":{"line":49,"column":19}},"49":{"start":{"line":50,"column":0},"end":{"line":50,"column":60}},"50":{"start":{"line":51,"column":0},"end":{"line":51,"column":60}},"51":{"start":{"line":52,"column":0},"end":{"line":52,"column":6}},"52":{"start":{"line":53,"column":0},"end":{"line":53,"column":59}},"53":{"start":{"line":54,"column":0},"end":{"line":54,"column":39}},"55":{"start":{"line":56,"column":0},"end":{"line":56,"column":70}},"56":{"start":{"line":57,"column":0},"end":{"line":57,"column":34}},"57":{"start":{"line":58,"column":0},"end":{"line":58,"column":7}},"59":{"start":{"line":60,"column":0},"end":{"line":60,"column":59}},"60":{"start":{"line":61,"column":0},"end":{"line":61,"column":65}},"61":{"start":{"line":62,"column":0},"end":{"line":62,"column":5}},"63":{"start":{"line":64,"column":0},"end":{"line":64,"column":42}},"64":{"start":{"line":65,"column":0},"end":{"line":65,"column":31}},"65":{"start":{"line":66,"column":0},"end":{"line":66,"column":19}},"66":{"start":{"line":67,"column":0},"end":{"line":67,"column":49}},"67":{"start":{"line":68,"column":0},"end":{"line":68,"column":49}},"68":{"start":{"line":69,"column":0},"end":{"line":69,"column":6}},"70":{"start":{"line":71,"column":0},"end":{"line":71,"column":59}},"71":{"start":{"line":72,"column":0},"end":{"line":72,"column":46}},"72":{"start":{"line":73,"column":0},"end":{"line":73,"column":73}},"73":{"start":{"line":74,"column":0},"end":{"line":74,"column":23}},"74":{"start":{"line":75,"column":0},"end":{"line":75,"column":20}},"75":{"start":{"line":76,"column":0},"end":{"line":76,"column":8}},"76":{"start":{"line":77,"column":0},"end":{"line":77,"column":7}},"77":{"start":{"line":78,"column":0},"end":{"line":78,"column":39}},"79":{"start":{"line":80,"column":0},"end":{"line":80,"column":76}},"81":{"start":{"line":82,"column":0},"end":{"line":82,"column":34}},"83":{"start":{"line":84,"column":0},"end":{"line":84,"column":11}},"84":{"start":{"line":85,"column":0},"end":{"line":85,"column":75}},"85":{"start":{"line":86,"column":0},"end":{"line":86,"column":26}},"86":{"start":{"line":87,"column":0},"end":{"line":87,"column":75}},"87":{"start":{"line":88,"column":0},"end":{"line":88,"column":76}},"89":{"start":{"line":90,"column":0},"end":{"line":90,"column":65}},"91":{"start":{"line":92,"column":0},"end":{"line":92,"column":25}},"92":{"start":{"line":93,"column":0},"end":{"line":93,"column":49}},"93":{"start":{"line":94,"column":0},"end":{"line":94,"column":7}},"94":{"start":{"line":95,"column":0},"end":{"line":95,"column":5}},"95":{"start":{"line":96,"column":0},"end":{"line":96,"column":3}}},"s":{"0":1,"2":1,"12":1,"14":1,"15":5,"18":1,"19":1,"20":5,"21":5,"22":1,"24":1,"25":1,"26":1,"27":1,"28":1,"30":1,"31":1,"32":1,"33":1,"34":1,"36":1,"37":1,"38":1,"39":1,"40":1,"41":1,"42":1,"43":1,"44":1,"45":1,"47":1,"48":1,"49":1,"50":1,"51":1,"52":1,"53":1,"55":1,"56":1,"57":1,"59":1,"60":1,"61":1,"63":1,"64":1,"65":1,"66":1,"67":1,"68":1,"70":1,"71":1,"72":1,"73":1,"74":1,"75":1,"76":1,"77":1,"79":1,"81":1,"83":1,"84":1,"85":1,"86":1,"87":1,"89":1,"91":1,"92":1,"93":1,"94":1,"95":1},"branchMap":{"0":{"type":"branch","line":15,"loc":{"start":{"line":15,"column":16},"end":{"line":16,"column":76}},"locations":[{"start":{"line":15,"column":16},"end":{"line":16,"column":76}}]},"1":{"type":"branch","line":19,"loc":{"start":{"line":19,"column":22},"end":{"line":96,"column":3}},"locations":[{"start":{"line":19,"column":22},"end":{"line":96,"column":3}}]},"2":{"type":"branch","line":20,"loc":{"start":{"line":20,"column":13},"end":{"line":23,"column":3}},"locations":[{"start":{"line":20,"column":13},"end":{"line":23,"column":3}}]},"3":{"type":"branch","line":25,"loc":{"start":{"line":25,"column":46},"end":{"line":29,"column":3}},"locations":[{"start":{"line":25,"column":46},"end":{"line":29,"column":3}}]},"4":{"type":"branch","line":31,"loc":{"start":{"line":31,"column":34},"end":{"line":35,"column":3}},"locations":[{"start":{"line":31,"column":34},"end":{"line":35,"column":3}}]},"5":{"type":"branch","line":37,"loc":{"start":{"line":37,"column":28},"end":{"line":46,"column":3}},"locations":[{"start":{"line":37,"column":28},"end":{"line":46,"column":3}}]},"6":{"type":"branch","line":48,"loc":{"start":{"line":48,"column":50},"end":{"line":62,"column":3}},"locations":[{"start":{"line":48,"column":50},"end":{"line":62,"column":3}}]},"7":{"type":"branch","line":64,"loc":{"start":{"line":64,"column":29},"end":{"line":95,"column":3}},"locations":[{"start":{"line":64,"column":29},"end":{"line":95,"column":3}}]},"8":{"type":"branch","line":73,"loc":{"start":{"line":73,"column":14},"end":{"line":76,"column":8}},"locations":[{"start":{"line":73,"column":14},"end":{"line":76,"column":8}}]},"9":{"type":"branch","line":92,"loc":{"start":{"line":92,"column":18},"end":{"line":94,"column":5}},"locations":[{"start":{"line":92,"column":18},"end":{"line":94,"column":5}}]}},"b":{"0":[5],"1":[1],"2":[5],"3":[1],"4":[1],"5":[1],"6":[1],"7":[1],"8":[1],"9":[1]},"fnMap":{"0":{"name":"wrapper","decl":{"start":{"line":15,"column":16},"end":{"line":16,"column":76}},"loc":{"start":{"line":15,"column":16},"end":{"line":16,"column":76}},"line":15},"1":{"name":"mutate","decl":{"start":{"line":22,"column":55},"end":{"line":22,"column":64}},"loc":{"start":{"line":22,"column":55},"end":{"line":22,"column":64}},"line":22},"2":{"name":"mutate","decl":{"start":{"line":73,"column":14},"end":{"line":76,"column":8}},"loc":{"start":{"line":73,"column":14},"end":{"line":76,"column":8}},"line":73}},"f":{"0":5,"1":0,"2":1}}
,"/Users/rajczakowski/Documents/twinkl-react-tech-test-main/src/PostsPage/components/PostsList/PostsList.test.tsx": {"path":"/Users/rajczakowski/Documents/twinkl-react-tech-test-main/src/PostsPage/components/PostsList/PostsList.test.tsx","all":false,"statementMap":{"0":{"start":{"line":1,"column":0},"end":{"line":1,"column":67}},"1":{"start":{"line":2,"column":0},"end":{"line":2,"column":50}},"2":{"start":{"line":3,"column":0},"end":{"line":3,"column":40}},"5":{"start":{"line":6,"column":0},"end":{"line":6,"column":29}},"6":{"start":{"line":7,"column":0},"end":{"line":7,"column":29}},"7":{"start":{"line":8,"column":0},"end":{"line":8,"column":74}},"8":{"start":{"line":9,"column":0},"end":{"line":9,"column":75}},"9":{"start":{"line":10,"column":0},"end":{"line":10,"column":4}},"11":{"start":{"line":12,"column":0},"end":{"line":12,"column":39}},"12":{"start":{"line":13,"column":0},"end":{"line":13,"column":60}},"14":{"start":{"line":15,"column":0},"end":{"line":15,"column":29}},"15":{"start":{"line":16,"column":0},"end":{"line":16,"column":63}},"16":{"start":{"line":17,"column":0},"end":{"line":17,"column":62}},"17":{"start":{"line":18,"column":0},"end":{"line":18,"column":7}},"18":{"start":{"line":19,"column":0},"end":{"line":19,"column":5}},"20":{"start":{"line":21,"column":0},"end":{"line":21,"column":60}},"21":{"start":{"line":22,"column":0},"end":{"line":22,"column":29}},"22":{"start":{"line":23,"column":0},"end":{"line":23,"column":60}},"24":{"start":{"line":25,"column":0},"end":{"line":25,"column":29}},"25":{"start":{"line":26,"column":0},"end":{"line":26,"column":49}},"26":{"start":{"line":27,"column":0},"end":{"line":27,"column":43}},"27":{"start":{"line":28,"column":0},"end":{"line":28,"column":8}},"28":{"start":{"line":29,"column":0},"end":{"line":29,"column":36}},"29":{"start":{"line":30,"column":0},"end":{"line":30,"column":53}},"30":{"start":{"line":31,"column":0},"end":{"line":31,"column":7}},"32":{"start":{"line":33,"column":0},"end":{"line":33,"column":57}},"33":{"start":{"line":34,"column":0},"end":{"line":34,"column":5}},"34":{"start":{"line":35,"column":0},"end":{"line":35,"column":3}}},"s":{"0":1,"1":1,"2":1,"5":1,"6":1,"7":1,"8":1,"9":1,"11":1,"12":1,"14":1,"15":2,"16":2,"17":1,"18":1,"20":1,"21":1,"22":1,"24":1,"25":2,"26":2,"27":2,"28":2,"29":2,"30":1,"32":1,"33":1,"34":1},"branchMap":{"0":{"type":"branch","line":6,"loc":{"start":{"line":6,"column":22},"end":{"line":35,"column":3}},"locations":[{"start":{"line":6,"column":22},"end":{"line":35,"column":3}}]},"1":{"type":"branch","line":12,"loc":{"start":{"line":12,"column":32},"end":{"line":19,"column":3}},"locations":[{"start":{"line":12,"column":32},"end":{"line":19,"column":3}}]},"2":{"type":"branch","line":15,"loc":{"start":{"line":15,"column":18},"end":{"line":18,"column":5}},"locations":[{"start":{"line":15,"column":18},"end":{"line":18,"column":5}}]},"3":{"type":"branch","line":21,"loc":{"start":{"line":21,"column":53},"end":{"line":34,"column":3}},"locations":[{"start":{"line":21,"column":53},"end":{"line":34,"column":3}}]},"4":{"type":"branch","line":25,"loc":{"start":{"line":25,"column":18},"end":{"line":31,"column":5}},"locations":[{"start":{"line":25,"column":18},"end":{"line":31,"column":5}}]}},"b":{"0":[1],"1":[1],"2":[2],"3":[1],"4":[2]},"fnMap":{"0":{"name":"onDelete","decl":{"start":{"line":13,"column":46},"end":{"line":13,"column":56}},"loc":{"start":{"line":13,"column":46},"end":{"line":13,"column":56}},"line":13}},"f":{"0":0}}
,"/Users/rajczakowski/Documents/twinkl-react-tech-test-main/src/PostsPage/components/SearchForm/SearchForm.test.tsx": {"path":"/Users/rajczakowski/Documents/twinkl-react-tech-test-main/src/PostsPage/components/SearchForm/SearchForm.test.tsx","all":false,"statementMap":{"0":{"start":{"line":1,"column":0},"end":{"line":1,"column":67}},"1":{"start":{"line":2,"column":0},"end":{"line":2,"column":50}},"2":{"start":{"line":3,"column":0},"end":{"line":3,"column":42}},"4":{"start":{"line":5,"column":0},"end":{"line":5,"column":30}},"5":{"start":{"line":6,"column":0},"end":{"line":6,"column":20}},"6":{"start":{"line":7,"column":0},"end":{"line":7,"column":23}},"7":{"start":{"line":8,"column":0},"end":{"line":8,"column":5}},"9":{"start":{"line":10,"column":0},"end":{"line":10,"column":19}},"10":{"start":{"line":11,"column":0},"end":{"line":11,"column":30}},"11":{"start":{"line":12,"column":0},"end":{"line":12,"column":23}},"12":{"start":{"line":13,"column":0},"end":{"line":13,"column":5}},"14":{"start":{"line":15,"column":0},"end":{"line":15,"column":69}},"15":{"start":{"line":16,"column":0},"end":{"line":16,"column":55}},"16":{"start":{"line":17,"column":0},"end":{"line":17,"column":71}},"17":{"start":{"line":18,"column":0},"end":{"line":18,"column":44}},"18":{"start":{"line":19,"column":0},"end":{"line":19,"column":5}},"20":{"start":{"line":21,"column":0},"end":{"line":21,"column":72}},"21":{"start":{"line":22,"column":0},"end":{"line":22,"column":33}},"22":{"start":{"line":23,"column":0},"end":{"line":23,"column":60}},"23":{"start":{"line":24,"column":0},"end":{"line":24,"column":71}},"25":{"start":{"line":26,"column":0},"end":{"line":26,"column":65}},"27":{"start":{"line":28,"column":0},"end":{"line":28,"column":32}},"29":{"start":{"line":30,"column":0},"end":{"line":30,"column":54}},"30":{"start":{"line":31,"column":0},"end":{"line":31,"column":5}},"32":{"start":{"line":33,"column":0},"end":{"line":33,"column":71}},"33":{"start":{"line":34,"column":0},"end":{"line":34,"column":68}},"34":{"start":{"line":35,"column":0},"end":{"line":35,"column":71}},"35":{"start":{"line":36,"column":0},"end":{"line":36,"column":53}},"36":{"start":{"line":37,"column":0},"end":{"line":37,"column":5}},"38":{"start":{"line":39,"column":0},"end":{"line":39,"column":40}},"39":{"start":{"line":40,"column":0},"end":{"line":40,"column":55}},"40":{"start":{"line":41,"column":0},"end":{"line":41,"column":66}},"41":{"start":{"line":42,"column":0},"end":{"line":42,"column":45}},"42":{"start":{"line":43,"column":0},"end":{"line":43,"column":20}},"43":{"start":{"line":44,"column":0},"end":{"line":44,"column":23}},"44":{"start":{"line":45,"column":0},"end":{"line":45,"column":7}},"46":{"start":{"line":47,"column":0},"end":{"line":47,"column":37}},"47":{"start":{"line":48,"column":0},"end":{"line":48,"column":52}},"48":{"start":{"line":49,"column":0},"end":{"line":49,"column":5}},"49":{"start":{"line":50,"column":0},"end":{"line":50,"column":3}}},"s":{"0":1,"1":1,"2":1,"4":1,"5":1,"6":4,"7":1,"9":1,"10":4,"11":4,"12":1,"14":1,"15":1,"16":1,"17":1,"18":1,"20":1,"21":1,"22":1,"23":1,"25":1,"27":1,"29":1,"30":1,"32":1,"33":1,"34":1,"35":1,"36":1,"38":1,"39":1,"40":1,"41":1,"42":1,"43":1,"44":1,"46":1,"47":1,"48":1,"49":1},"branchMap":{"0":{"type":"branch","line":5,"loc":{"start":{"line":5,"column":23},"end":{"line":50,"column":3}},"locations":[{"start":{"line":5,"column":23},"end":{"line":50,"column":3}}]},"1":{"type":"branch","line":6,"loc":{"start":{"line":6,"column":13},"end":{"line":8,"column":3}},"locations":[{"start":{"line":6,"column":13},"end":{"line":8,"column":3}}]},"2":{"type":"branch","line":10,"loc":{"start":{"line":10,"column":12},"end":{"line":13,"column":3}},"locations":[{"start":{"line":10,"column":12},"end":{"line":13,"column":3}}]},"3":{"type":"branch","line":15,"loc":{"start":{"line":15,"column":62},"end":{"line":19,"column":3}},"locations":[{"start":{"line":15,"column":62},"end":{"line":19,"column":3}}]},"4":{"type":"branch","line":21,"loc":{"start":{"line":21,"column":65},"end":{"line":31,"column":3}},"locations":[{"start":{"line":21,"column":65},"end":{"line":31,"column":3}}]},"5":{"type":"branch","line":33,"loc":{"start":{"line":33,"column":64},"end":{"line":37,"column":3}},"locations":[{"start":{"line":33,"column":64},"end":{"line":37,"column":3}}]},"6":{"type":"branch","line":39,"loc":{"start":{"line":39,"column":33},"end":{"line":49,"column":3}},"locations":[{"start":{"line":39,"column":33},"end":{"line":49,"column":3}}]}},"b":{"0":[1],"1":[4],"2":[4],"3":[1],"4":[1],"5":[1],"6":[1]},"fnMap":{},"f":{}}
,"/Users/rajczakowski/Documents/twinkl-react-tech-test-main/src/api/deletePost.test.tsx": {"path":"/Users/rajczakowski/Documents/twinkl-react-tech-test-main/src/api/deletePost.test.tsx","all":false,"statementMap":{"0":{"start":{"line":1,"column":0},"end":{"line":1,"column":58}},"1":{"start":{"line":2,"column":0},"end":{"line":2,"column":46}},"2":{"start":{"line":3,"column":0},"end":{"line":3,"column":73}},"3":{"start":{"line":4,"column":0},"end":{"line":4,"column":28}},"4":{"start":{"line":5,"column":0},"end":{"line":5,"column":39}},"5":{"start":{"line":6,"column":0},"end":{"line":6,"column":38}},"7":{"start":{"line":8,"column":0},"end":{"line":8,"column":23}},"9":{"start":{"line":10,"column":0},"end":{"line":10,"column":66}},"10":{"start":{"line":11,"column":0},"end":{"line":11,"column":76}},"13":{"start":{"line":14,"column":0},"end":{"line":14,"column":34}},"14":{"start":{"line":15,"column":0},"end":{"line":15,"column":71}},"15":{"start":{"line":16,"column":0},"end":{"line":16,"column":68}},"16":{"start":{"line":17,"column":0},"end":{"line":17,"column":14}},"17":{"start":{"line":18,"column":0},"end":{"line":18,"column":7}},"19":{"start":{"line":20,"column":0},"end":{"line":20,"column":17}},"20":{"start":{"line":21,"column":0},"end":{"line":21,"column":30}},"22":{"start":{"line":23,"column":0},"end":{"line":23,"column":23}},"23":{"start":{"line":24,"column":0},"end":{"line":24,"column":68}},"24":{"start":{"line":25,"column":0},"end":{"line":25,"column":25}},"25":{"start":{"line":26,"column":0},"end":{"line":26,"column":9}},"26":{"start":{"line":27,"column":0},"end":{"line":27,"column":6}},"27":{"start":{"line":28,"column":0},"end":{"line":28,"column":5}},"29":{"start":{"line":30,"column":0},"end":{"line":30,"column":42}},"30":{"start":{"line":31,"column":0},"end":{"line":31,"column":53}},"31":{"start":{"line":32,"column":0},"end":{"line":32,"column":36}},"32":{"start":{"line":33,"column":0},"end":{"line":33,"column":6}},"34":{"start":{"line":35,"column":0},"end":{"line":35,"column":68}},"35":{"start":{"line":36,"column":0},"end":{"line":36,"column":14}},"36":{"start":{"line":37,"column":0},"end":{"line":37,"column":7}},"38":{"start":{"line":39,"column":0},"end":{"line":39,"column":17}},"39":{"start":{"line":40,"column":0},"end":{"line":40,"column":30}},"41":{"start":{"line":42,"column":0},"end":{"line":42,"column":67}},"42":{"start":{"line":43,"column":0},"end":{"line":43,"column":5}},"43":{"start":{"line":44,"column":0},"end":{"line":44,"column":3}}},"s":{"0":1,"1":1,"2":1,"3":1,"4":1,"5":1,"7":1,"9":1,"10":2,"13":1,"14":1,"15":1,"16":1,"17":1,"19":1,"20":1,"22":1,"23":2,"24":2,"25":2,"26":1,"27":1,"29":1,"30":1,"31":1,"32":1,"34":1,"35":1,"36":1,"38":1,"39":1,"41":1,"42":1,"43":1},"branchMap":{"0":{"type":"branch","line":10,"loc":{"start":{"line":10,"column":16},"end":{"line":11,"column":76}},"locations":[{"start":{"line":10,"column":16},"end":{"line":11,"column":76}}]},"1":{"type":"branch","line":14,"loc":{"start":{"line":14,"column":27},"end":{"line":44,"column":3}},"locations":[{"start":{"line":14,"column":27},"end":{"line":44,"column":3}}]},"2":{"type":"branch","line":15,"loc":{"start":{"line":15,"column":58},"end":{"line":28,"column":3}},"locations":[{"start":{"line":15,"column":58},"end":{"line":28,"column":3}}]},"3":{"type":"branch","line":16,"loc":{"start":{"line":16,"column":43},"end":{"line":16,"column":67}},"locations":[{"start":{"line":16,"column":43},"end":{"line":16,"column":67}}]},"4":{"type":"branch","line":23,"loc":{"start":{"line":23,"column":18},"end":{"line":26,"column":9}},"locations":[{"start":{"line":23,"column":18},"end":{"line":26,"column":9}}]},"5":{"type":"branch","line":30,"loc":{"start":{"line":30,"column":29},"end":{"line":43,"column":3}},"locations":[{"start":{"line":30,"column":29},"end":{"line":43,"column":3}}]},"6":{"type":"branch","line":31,"loc":{"start":{"line":31,"column":48},"end":{"line":32,"column":36}},"locations":[{"start":{"line":31,"column":48},"end":{"line":32,"column":36}}]},"7":{"type":"branch","line":35,"loc":{"start":{"line":35,"column":43},"end":{"line":35,"column":67}},"locations":[{"start":{"line":35,"column":43},"end":{"line":35,"column":67}}]},"8":{"type":"branch","line":42,"loc":{"start":{"line":42,"column":18},"end":{"line":42,"column":65}},"locations":[{"start":{"line":42,"column":18},"end":{"line":42,"column":65}}]}},"b":{"0":[2],"1":[1],"2":[1],"3":[2],"4":[2],"5":[1],"6":[1],"7":[2],"8":[2]},"fnMap":{"0":{"name":"wrapper","decl":{"start":{"line":10,"column":16},"end":{"line":11,"column":76}},"loc":{"start":{"line":10,"column":16},"end":{"line":11,"column":76}},"line":10},"1":{"name":"__vite_ssr_import_1__.renderHook.wrapper.wrapper","decl":{"start":{"line":16,"column":43},"end":{"line":16,"column":67}},"loc":{"start":{"line":16,"column":43},"end":{"line":16,"column":67}},"line":16},"2":{"name":"__vite_ssr_import_1__.renderHook.wrapper.wrapper","decl":{"start":{"line":35,"column":43},"end":{"line":35,"column":67}},"loc":{"start":{"line":35,"column":43},"end":{"line":35,"column":67}},"line":35}},"f":{"0":2,"1":2,"2":2}}
,"/Users/rajczakowski/Documents/twinkl-react-tech-test-main/src/api/getPosts.test.tsx": {"path":"/Users/rajczakowski/Documents/twinkl-react-tech-test-main/src/api/getPosts.test.tsx","all":false,"statementMap":{"0":{"start":{"line":1,"column":0},"end":{"line":1,"column":50}},"1":{"start":{"line":2,"column":0},"end":{"line":2,"column":41}},"2":{"start":{"line":3,"column":0},"end":{"line":3,"column":58}},"3":{"start":{"line":4,"column":0},"end":{"line":4,"column":73}},"4":{"start":{"line":5,"column":0},"end":{"line":5,"column":39}},"6":{"start":{"line":7,"column":0},"end":{"line":7,"column":38}},"8":{"start":{"line":9,"column":0},"end":{"line":9,"column":31}},"9":{"start":{"line":10,"column":0},"end":{"line":10,"column":47}},"10":{"start":{"line":11,"column":0},"end":{"line":11,"column":23}},"11":{"start":{"line":12,"column":0},"end":{"line":12,"column":60}},"12":{"start":{"line":13,"column":0},"end":{"line":13,"column":60}},"13":{"start":{"line":14,"column":0},"end":{"line":14,"column":6}},"15":{"start":{"line":16,"column":0},"end":{"line":16,"column":30}},"16":{"start":{"line":17,"column":0},"end":{"line":17,"column":23}},"17":{"start":{"line":18,"column":0},"end":{"line":18,"column":47}},"18":{"start":{"line":19,"column":0},"end":{"line":19,"column":9}},"19":{"start":{"line":20,"column":0},"end":{"line":20,"column":30}},"21":{"start":{"line":22,"column":0},"end":{"line":22,"column":70}},"22":{"start":{"line":23,"column":0},"end":{"line":23,"column":80}},"25":{"start":{"line":26,"column":0},"end":{"line":26,"column":77}},"27":{"start":{"line":28,"column":0},"end":{"line":28,"column":50}},"29":{"start":{"line":30,"column":0},"end":{"line":30,"column":51}},"30":{"start":{"line":31,"column":0},"end":{"line":31,"column":66}},"31":{"start":{"line":32,"column":0},"end":{"line":32,"column":5}},"32":{"start":{"line":33,"column":0},"end":{"line":33,"column":3}}},"s":{"0":1,"1":1,"2":1,"3":1,"4":1,"6":1,"8":1,"9":1,"10":1,"11":1,"12":1,"13":1,"15":1,"16":1,"17":1,"18":1,"19":1,"21":1,"22":1,"25":1,"27":1,"29":1,"30":1,"31":1,"32":1},"branchMap":{"0":{"type":"branch","line":9,"loc":{"start":{"line":9,"column":24},"end":{"line":33,"column":3}},"locations":[{"start":{"line":9,"column":24},"end":{"line":33,"column":3}}]},"1":{"type":"branch","line":10,"loc":{"start":{"line":10,"column":34},"end":{"line":32,"column":3}},"locations":[{"start":{"line":10,"column":34},"end":{"line":32,"column":3}}]},"2":{"type":"branch","line":16,"loc":{"start":{"line":16,"column":25},"end":{"line":19,"column":9}},"locations":[{"start":{"line":16,"column":25},"end":{"line":19,"column":9}}]},"3":{"type":"branch","line":18,"loc":{"start":{"line":18,"column":14},"end":{"line":18,"column":47}},"locations":[{"start":{"line":18,"column":14},"end":{"line":18,"column":47}}]},"4":{"type":"branch","line":22,"loc":{"start":{"line":22,"column":20},"end":{"line":23,"column":80}},"locations":[{"start":{"line":22,"column":20},"end":{"line":23,"column":80}}]},"5":{"type":"branch","line":26,"loc":{"start":{"line":26,"column":43},"end":{"line":26,"column":64}},"locations":[{"start":{"line":26,"column":43},"end":{"line":26,"column":64}}]},"6":{"type":"branch","line":28,"loc":{"start":{"line":28,"column":18},"end":{"line":28,"column":48}},"locations":[{"start":{"line":28,"column":18},"end":{"line":28,"column":48}}]}},"b":{"0":[1],"1":[1],"2":[1],"3":[1],"4":[1],"5":[2],"6":[2]},"fnMap":{"0":{"name":"json","decl":{"start":{"line":18,"column":14},"end":{"line":18,"column":47}},"loc":{"start":{"line":18,"column":14},"end":{"line":18,"column":47}},"line":18},"1":{"name":"wrapper","decl":{"start":{"line":22,"column":20},"end":{"line":23,"column":80}},"loc":{"start":{"line":22,"column":20},"end":{"line":23,"column":80}},"line":22},"2":{"name":"__vite_ssr_import_3__.renderHook.wrapper.wrapper","decl":{"start":{"line":26,"column":43},"end":{"line":26,"column":64}},"loc":{"start":{"line":26,"column":43},"end":{"line":26,"column":64}},"line":26}},"f":{"0":1,"1":1,"2":2}}
}
